<?xml version="1.0" encoding="UTF-8"?>
<!-- Generated by org.testng.reporters.JUnitXMLReporter -->
<testsuite ignored="0" hostname="DESKTOP-MIGUEL" failures="0" tests="35" name="Command line test" time="0.172" errors="0" timestamp="2021-09-11T03:26:01 PET">
  <testcase classname="EjemploVehiculoTest" name="StressTest01" time="0.024"/>
  <testcase classname="EjemploVehiculoTest" name="StressTest01" time="0.025"/>
  <testcase classname="EjemploVehiculoTest" name="StressTest01" time="0.022"/>
  <testcase classname="EjemploVehiculoTest" name="StressTest01" time="0.023"/>
  <testcase classname="EjemploVehiculoTest" name="StressTest01" time="0.023"/>
  <testcase classname="EjemploVehiculoTest" name="StressTest01" time="0.023"/>
  <testcase classname="EjemploVehiculoTest" name="StressTest01" time="0.025"/>
  <testcase classname="EjemploVehiculoTest" name="StressTest01" time="0.023"/>
  <testcase classname="EjemploVehiculoTest" name="StressTest01" time="0.023"/>
  <testcase classname="EjemploVehiculoTest" name="StressTest01" time="0.023"/>
  <testcase classname="EjemploVehiculoTest" name="StressTest02" time="0.0"/>
  <testcase classname="EjemploVehiculoTest" name="StressTest02" time="0.0"/>
  <testcase classname="EjemploVehiculoTest" name="StressTest02" time="0.0"/>
  <testcase classname="EjemploVehiculoTest" name="StressTest02" time="0.0"/>
  <testcase classname="EjemploVehiculoTest" name="StressTest02" time="0.001"/>
  <testcase classname="EjemploVehiculoTest" name="StressTest02" time="0.0"/>
  <testcase classname="EjemploVehiculoTest" name="StressTest02" time="0.001"/>
  <testcase classname="EjemploVehiculoTest" name="StressTest02" time="0.0"/>
  <testcase classname="EjemploVehiculoTest" name="StressTest02" time="0.001"/>
  <testcase classname="EjemploVehiculoTest" name="StressTest02" time="0.0"/>
  <testcase classname="EjemploVehiculoTest" name="test01" time="0.001"/>
  <testcase classname="EjemploVehiculoTest" name="test02" time="0.0"/>
  <testcase classname="EjemploVehiculoTest" name="test03" time="0.001"/>
  <testcase classname="EjemploVehiculoTest" name="test04" time="0.0"/>
  <testcase classname="EjemploVehiculoTest" name="test05" time="0.0"/>
  <testcase classname="EjemploVehiculoTest" name="test06" time="0.0"/>
  <testcase classname="EjemploVehiculoTest" name="test07" time="0.0"/>
  <testcase classname="EjemploVehiculoTest" name="test08" time="0.001"/>
  <testcase classname="EjemploVehiculoTest" name="test09" time="0.001"/>
  <testcase classname="EjemploVehiculoTest" name="test10" time="0.001"/>
  <testcase classname="EjemploVehiculoTest" name="test11" time="0.0"/>
  <testcase classname="EjemploVehiculoTest" name="test12" time="0.0"/>
  <testcase classname="EjemploVehiculoTest" name="test13" time="0.0"/>
  <testcase classname="EjemploVehiculoTest" name="test14" time="0.0"/>
  <testcase classname="EjemploVehiculoTest" name="test15" time="0.0"/>
</testsuite> <!-- Command line test -->
