<?xml version="1.0" encoding="UTF-8"?>
<!-- Generated by org.testng.reporters.JUnitXMLReporter -->
<testsuite ignored="0" hostname="DESKTOP-MIGUEL" failures="0" tests="10" name="Command line test" time="0.107" errors="0" timestamp="2021-09-09T22:35:53 PET">
  <testcase classname="EjemploVehiculoTest" name="test01" time="0.019"/>
  <testcase classname="EjemploVehiculoTest" name="test02" time="0.003"/>
  <testcase classname="EjemploVehiculoTest" name="test03" time="0.001"/>
  <testcase classname="EjemploVehiculoTest" name="test04" time="0.001"/>
  <testcase classname="EjemploVehiculoTest" name="test05" time="0.0"/>
  <testcase classname="EjemploVehiculoTest" name="test06" time="0.001"/>
  <testcase classname="EjemploVehiculoTest" name="test07" time="0.0"/>
  <testcase classname="EjemploVehiculoTest" name="test08" time="0.0"/>
  <testcase classname="EjemploVehiculoTest" name="test09" time="0.001"/>
  <testcase classname="EjemploVehiculoTest" name="test10" time="0.0"/>
</testsuite> <!-- Command line test -->
