<?xml version="1.0" encoding="UTF-8"?>
<testng-results ignored="0" total="2" passed="2" failed="0" skipped="0">
  <reporter-output>
  </reporter-output>
  <suite started-at="2021-09-09T22:02:53 PET" name="EjemploVehiculoTest" finished-at="2021-09-09T22:02:53 PET" duration-ms="118">
    <groups>
    </groups>
    <test started-at="2021-09-09T22:02:53 PET" name="Command line test" finished-at="2021-09-09T22:02:53 PET" duration-ms="118">
      <class name="EjemploVehiculoTest">
        <test-method signature="test01()[pri:0, instance:EjemploVehiculoTest@64aad6db]" started-at="2021-09-09T22:02:53 PET" name="test01" finished-at="2021-09-09T22:02:53 PET" duration-ms="20" status="PASS">
          <reporter-output>
          </reporter-output>
        </test-method> <!-- test01 -->
        <test-method signature="test02()[pri:0, instance:EjemploVehiculoTest@64aad6db]" started-at="2021-09-09T22:02:53 PET" name="test02" finished-at="2021-09-09T22:02:53 PET" duration-ms="3" status="PASS">
          <reporter-output>
          </reporter-output>
        </test-method> <!-- test02 -->
      </class> <!-- EjemploVehiculoTest -->
    </test> <!-- Command line test -->
  </suite> <!-- EjemploVehiculoTest -->
</testng-results>
